<?xml version="1.0" encoding="UTF-8"?>
<testng-results skipped="0" failed="0" total="1" passed="1">
  <reporter-output>
  </reporter-output>
  <suite name="Default suite" duration-ms="9744" started-at="2017-03-13T15:48:03Z" finished-at="2017-03-13T15:48:13Z">
    <groups>
    </groups>
    <test name="Default test" duration-ms="9744" started-at="2017-03-13T15:48:03Z" finished-at="2017-03-13T15:48:13Z">
      <class name="com.selenium.selenium3Demo.Selenium3DemoChromeTest">
        <test-method status="PASS" signature="setup()[pri:0, instance:com.selenium.selenium3Demo.Selenium3DemoChromeTest@59fa1d9b]" name="setup" is-config="true" duration-ms="1418" started-at="2017-03-13T21:18:03Z" finished-at="2017-03-13T21:18:04Z">
          <reporter-output>
          </reporter-output>
        </test-method> <!-- setup -->
        <test-method status="PASS" signature="chromeTest()[pri:0, instance:com.selenium.selenium3Demo.Selenium3DemoChromeTest@59fa1d9b]" name="chromeTest" duration-ms="8306" started-at="2017-03-13T21:18:04Z" finished-at="2017-03-13T21:18:13Z">
          <reporter-output>
          </reporter-output>
        </test-method> <!-- chromeTest -->
      </class> <!-- com.selenium.selenium3Demo.Selenium3DemoChromeTest -->
    </test> <!-- Default test -->
  </suite> <!-- Default suite -->
</testng-results>
