<?xml version="1.0" encoding="UTF-8"?>
<testng-results skipped="0" failed="0" total="1" passed="1">
  <reporter-output>
  </reporter-output>
  <suite name="Default suite" duration-ms="19984" started-at="2017-03-13T14:27:24Z" finished-at="2017-03-13T14:27:44Z">
    <groups>
    </groups>
    <test name="Default test" duration-ms="19984" started-at="2017-03-13T14:27:24Z" finished-at="2017-03-13T14:27:44Z">
      <class name="com.selenium.selenium3Demo.Selenium3DemoTest">
        <test-method status="PASS" signature="setup()[pri:0, instance:com.selenium.selenium3Demo.Selenium3DemoTest@59fa1d9b]" name="setup" is-config="true" duration-ms="4853" started-at="2017-03-13T19:57:24Z" finished-at="2017-03-13T19:57:29Z">
          <reporter-output>
          </reporter-output>
        </test-method> <!-- setup -->
        <test-method status="PASS" signature="seleniumTest()[pri:0, instance:com.selenium.selenium3Demo.Selenium3DemoTest@59fa1d9b]" name="seleniumTest" duration-ms="15099" started-at="2017-03-13T19:57:29Z" finished-at="2017-03-13T19:57:44Z">
          <reporter-output>
          </reporter-output>
        </test-method> <!-- seleniumTest -->
      </class> <!-- com.selenium.selenium3Demo.Selenium3DemoTest -->
    </test> <!-- Default test -->
  </suite> <!-- Default suite -->
</testng-results>
